<?xml version="1.0" encoding="UTF-8"?>
<testsuite xmlns:xsi="http://www.w3.org/2001/XMLSchema-instance" xsi:noNamespaceSchemaLocation="https://maven.apache.org/surefire/maven-surefire-plugin/xsd/surefire-test-report.xsd" name="TestSuite" time="189.912" tests="14" errors="0" skipped="0" failures="1">
  <properties>
[...]
</properties>
  <testcase name="goToBreadSectionTest on goToBreadSectionTest(ConstructorWithoutAuthTest)" classname="ConstructorWithoutAuthTest" time="11.313"/>
  <testcase name="goToSauceSectionTest on goToSauceSectionTest(ConstructorWithoutAuthTest)" classname="ConstructorWithoutAuthTest" time="8.276"/>
  <testcase name="goToFillingSectionTest on goToFillingSectionTest(ConstructorWithoutAuthTest)" classname="ConstructorWithoutAuthTest" time="9.743"/>
  <testcase name="registrationWithShortPasswordTest on registrationWithShortPasswordTest(RegistrationTest)" classname="RegistrationTest" time="16.405"/>
  <testcase name="successfulRegistrationTest on successfulRegistrationTest(RegistrationTest)" classname="RegistrationTest" time="12.043"/>
  <testcase name="goToMainPageByLogoButtonTest on goToMainPageByLogoButtonTest(ConstructorWithAuthTest)" classname="ConstructorWithAuthTest" time="14.923"/>
  <testcase name="goToMainPageByConstructorButtonTest on goToMainPageByConstructorButtonTest(ConstructorWithAuthTest)" classname="ConstructorWithAuthTest" time="16.424"/>
  <testcase name="loginFromPasswordRecoveryPageTest on loginFromPasswordRecoveryPageTest(LoginTest)" classname="LoginTest" time="14.492"/>
  <testcase name="loginFromPersonalAccountPageTest on loginFromPersonalAccountPageTest(LoginTest)" classname="LoginTest" time="13.01"/>
  <testcase name="loginFromMainPageTest on loginFromMainPageTest(LoginTest)" classname="LoginTest" time="15.069"/>
  <testcase name="loginFromRegistrationPageTest on loginFromRegistrationPageTest(LoginTest)" classname="LoginTest" time="12.951"/>
  <testcase name="enterToPersonalAccountTest on enterToPersonalAccountTest(PersonalAccountTest)" classname="PersonalAccountTest" time="14.352"/>
  <testcase name="exitAccountByProfileButtonInHeaderTest on exitAccountByProfileButtonInHeaderTest(PersonalAccountTest)" classname="PersonalAccountTest" time="16.451"/>
  <testcase name="exitAccountByProfileURLTest on exitAccountByProfileURLTest(PersonalAccountTest)" classname="PersonalAccountTest" time="12.936">
    <failure message="no such element: Unable to locate element: {&quot;method&quot;:&quot;xpath&quot;,&quot;selector&quot;:&quot;.//button[text() = &apos;Выход&apos;]&quot;}&#10;  (Session info: chrome=119.0.6045.105)&#10;For documentation on this error, please visit: https://www.selenium.dev/documentation/webdriver/troubleshooting/errors#no-such-element-exception&#10;Build info: version: &apos;4.11.0&apos;, revision: &apos;040bc5406b&apos;&#10;System info: os.name: &apos;Mac OS X&apos;, os.arch: &apos;x86_64&apos;, os.version: &apos;13.1&apos;, java.version: &apos;11.0.19&apos;&#10;Driver info: org.openqa.selenium.chrome.ChromeDriver&#10;Command: [20cb2817b5ddb064298665b15fe410a8, findElement {using=xpath, value=.//button[text() = &apos;Выход&apos;]}]&#10;Capabilities {acceptInsecureCerts: false, browserName: chrome, browserVersion: 119.0.6045.105, chrome: {chromedriverVersion: 119.0.6045.105 (38c72552c5e..., userDataDir: /var/folders/kd/5mgffgrd3cj...}, fedcm:accounts: true, goog:chromeOptions: {debuggerAddress: localhost:51030}, networkConnectionEnabled: false, pageLoadStrategy: normal, platformName: mac, proxy: Proxy(), se:cdp: ws://localhost:51030/devtoo..., se:cdpVersion: 119.0.6045.105, setWindowRect: true, strictFileInteractability: false, timeouts: {implicit: 0, pageLoad: 300000, script: 30000}, unhandledPromptBehavior: dismiss and notify, webauthn:extension:credBlob: true, webauthn:extension:largeBlob: true, webauthn:extension:minPinLength: true, webauthn:extension:prf: true, webauthn:virtualAuthenticators: true}&#10;Session ID: 20cb2817b5ddb064298665b15fe410a8" type="org.openqa.selenium.NoSuchElementException">org.openqa.selenium.NoSuchElementException: 
no such element: Unable to locate element: {"method":"xpath","selector":".//button[text() = 'Выход']"}
  (Session info: chrome=119.0.6045.105)
For documentation on this error, please visit: https://www.selenium.dev/documentation/webdriver/troubleshooting/errors#no-such-element-exception
Build info: version: '4.11.0', revision: '040bc5406b'
System info: os.name: 'Mac OS X', os.arch: 'x86_64', os.version: '13.1', java.version: '11.0.19'
Driver info: org.openqa.selenium.chrome.ChromeDriver
Command: [20cb2817b5ddb064298665b15fe410a8, findElement {using=xpath, value=.//button[text() = 'Выход']}]
Capabilities {acceptInsecureCerts: false, browserName: chrome, browserVersion: 119.0.6045.105, chrome: {chromedriverVersion: 119.0.6045.105 (38c72552c5e..., userDataDir: /var/folders/kd/5mgffgrd3cj...}, fedcm:accounts: true, goog:chromeOptions: {debuggerAddress: localhost:51030}, networkConnectionEnabled: false, pageLoadStrategy: normal, platformName: mac, proxy: Proxy(), se:cdp: ws://localhost:51030/devtoo..., se:cdpVersion: 119.0.6045.105, setWindowRect: true, strictFileInteractability: false, timeouts: {implicit: 0, pageLoad: 300000, script: 30000}, unhandledPromptBehavior: dismiss and notify, webauthn:extension:credBlob: true, webauthn:extension:largeBlob: true, webauthn:extension:minPinLength: true, webauthn:extension:prf: true, webauthn:virtualAuthenticators: true}
Session ID: 20cb2817b5ddb064298665b15fe410a8
	at PersonalAccountTest.exitAccountByProfileURLTest(PersonalAccountTest.java:40)
</failure>
    <system-out><![CDATA[Request method:	POST
Request URI:	https://stellarburgers.nomoreparties.site/api/auth/register
Proxy:			<none>
Request params:	<none>
Query params:	<none>
Form params:	<none>
Path params:	<none>
Headers:		Accept=*/*
				Content-Type=application/json
Cookies:		<none>
Multiparts:		<none>
Body:
{
    "email": "gaye.borer@gmail.com",
    "password": "UserAutotestPassword",
    "name": "UserAutotestName"
}
HTTP/1.1 200 OK
Date: Mon, 06 Nov 2023 19:22:08 GMT
Content-Type: application/json; charset=utf-8
Transfer-Encoding: chunked
Connection: keep-alive
X-Powered-By: Express
Access-Control-Allow-Origin: *
authorization: Bearer eyJhbGciOiJIUzI1NiIsInR5cCI6IkpXVCJ9.eyJpZCI6IjY1NDkzY2UwOWVkMjgwMDAxYjM3Y2RlMyIsImlhdCI6MTY5OTI5ODUyOCwiZXhwIjoxNjk5Mjk5NzI4fQ.93cEm4uQKUKRz05VT3a8p3k67BWjJx6sKOaHO_NM1NU
ETag: W/"177-Rz1094BWn1zyvYtaggQmeQ9IOO0"
CF-Cache-Status: DYNAMIC
Report-To: {"endpoints":[{"url":"https:\/\/a.nel.cloudflare.com\/report\/v3?s=Kzw%2FHbcSG%2Bzabuiz7V4sqdQb5laUZBxnNMuxJ3X3AKV0da9xYffpsP%2BanyZOidwNS83IeiCzTLIOy51AQjribZ6N4OFUWhKRi6DPW%2FC4QnZ3MIF1jqKfmHtCFVl3s6F1wXzLJ3SLMljx3Wt%2B%2BgEoFsizAk4%3D"}],"group":"cf-nel","max_age":604800}
NEL: {"success_fraction":0,"report_to":"cf-nel","max_age":604800}
Server: cloudflare
CF-RAY: 821fb41c1f546ada-LCA
Content-Encoding: gzip
alt-svc: h3=":443"; ma=86400

{
    "success": true,
    "user": {
        "email": "gaye.borer@gmail.com",
        "name": "UserAutotestName"
    },
    "accessToken": "Bearer eyJhbGciOiJIUzI1NiIsInR5cCI6IkpXVCJ9.eyJpZCI6IjY1NDkzY2UwOWVkMjgwMDAxYjM3Y2RlMyIsImlhdCI6MTY5OTI5ODUyOCwiZXhwIjoxNjk5Mjk5NzI4fQ.93cEm4uQKUKRz05VT3a8p3k67BWjJx6sKOaHO_NM1NU",
    "refreshToken": "dbc060381bfcc61c7a16b6678797c1eebcd633fbf35c7355244c393fe5147966956077d0acd7da77"
}
]]></system-out>
    <system-err><![CDATA[Nov 06, 2023 9:22:08 PM org.openqa.selenium.devtools.CdpVersionFinder findNearestMatch
WARNING: Unable to find an exact match for CDP version 119, so returning the closest version found: 115
]]></system-err>
  </testcase>
</testsuite>