<?xml version="1.0" encoding="UTF-8"?>
<testng-results ignored="0" total="14" passed="13" failed="1" skipped="0">
  <reporter-output>
  </reporter-output>
  <suite started-at="2023-11-06T21:19:08 EET" name="Surefire suite" finished-at="2023-11-06T21:22:17 EET" duration-ms="188796">
    <groups>
    </groups>
    <test started-at="2023-11-06T21:19:08 EET" name="Surefire test" finished-at="2023-11-06T21:22:17 EET" duration-ms="188796">
      <class name="RegistrationTest">
        <test-method signature="successfulRegistrationTest()" started-at="2023-11-06T21:19:38 EET" name="successfulRegistrationTest" finished-at="2023-11-06T21:20:06 EET" duration-ms="28448" status="PASS">
          <reporter-output>
          </reporter-output>
        </test-method> <!-- successfulRegistrationTest -->
        <test-method signature="registrationWithShortPasswordTest()" started-at="2023-11-06T21:19:38 EET" name="registrationWithShortPasswordTest" finished-at="2023-11-06T21:19:54 EET" duration-ms="16404" status="PASS">
          <reporter-output>
          </reporter-output>
        </test-method> <!-- registrationWithShortPasswordTest -->
      </class> <!-- RegistrationTest -->
      <class name="PersonalAccountTest">
        <test-method signature="exitAccountByProfileButtonInHeaderTest()" started-at="2023-11-06T21:21:33 EET" name="exitAccountByProfileButtonInHeaderTest" finished-at="2023-11-06T21:22:04 EET" duration-ms="30803" status="PASS">
          <reporter-output>
          </reporter-output>
        </test-method> <!-- exitAccountByProfileButtonInHeaderTest -->
        <test-method signature="enterToPersonalAccountTest()" started-at="2023-11-06T21:21:33 EET" name="enterToPersonalAccountTest" finished-at="2023-11-06T21:21:47 EET" duration-ms="14353" status="PASS">
          <reporter-output>
          </reporter-output>
        </test-method> <!-- enterToPersonalAccountTest -->
        <test-method signature="exitAccountByProfileURLTest()" started-at="2023-11-06T21:21:33 EET" name="exitAccountByProfileURLTest" finished-at="2023-11-06T21:22:17 EET" duration-ms="43702" status="FAIL">
          <exception class="org.openqa.selenium.NoSuchElementException">
            <message>
              <![CDATA[no such element: Unable to locate element: {"method":"xpath","selector":".//button[text() = 'Выход']"}
  (Session info: chrome=119.0.6045.105)
For documentation on this error, please visit: https://www.selenium.dev/documentation/webdriver/troubleshooting/errors#no-such-element-exception
Build info: version: '4.11.0', revision: '040bc5406b'
System info: os.name: 'Mac OS X', os.arch: 'x86_64', os.version: '13.1', java.version: '11.0.19'
Driver info: org.openqa.selenium.chrome.ChromeDriver
Command: [20cb2817b5ddb064298665b15fe410a8, findElement {using=xpath, value=.//button[text() = 'Выход']}]
Capabilities {acceptInsecureCerts: false, browserName: chrome, browserVersion: 119.0.6045.105, chrome: {chromedriverVersion: 119.0.6045.105 (38c72552c5e..., userDataDir: /var/folders/kd/5mgffgrd3cj...}, fedcm:accounts: true, goog:chromeOptions: {debuggerAddress: localhost:51030}, networkConnectionEnabled: false, pageLoadStrategy: normal, platformName: mac, proxy: Proxy(), se:cdp: ws://localhost:51030/devtoo..., se:cdpVersion: 119.0.6045.105, setWindowRect: true, strictFileInteractability: false, timeouts: {implicit: 0, pageLoad: 300000, script: 30000}, unhandledPromptBehavior: dismiss and notify, webauthn:extension:credBlob: true, webauthn:extension:largeBlob: true, webauthn:extension:minPinLength: true, webauthn:extension:prf: true, webauthn:virtualAuthenticators: true}
Session ID: 20cb2817b5ddb064298665b15fe410a8]]>
            </message>
            <full-stacktrace>
              <![CDATA[org.openqa.selenium.NoSuchElementException: no such element: Unable to locate element: {"method":"xpath","selector":".//button[text() = 'Выход']"}
  (Session info: chrome=119.0.6045.105)
For documentation on this error, please visit: https://www.selenium.dev/documentation/webdriver/troubleshooting/errors#no-such-element-exception
Build info: version: '4.11.0', revision: '040bc5406b'
System info: os.name: 'Mac OS X', os.arch: 'x86_64', os.version: '13.1', java.version: '11.0.19'
Driver info: org.openqa.selenium.chrome.ChromeDriver
Command: [20cb2817b5ddb064298665b15fe410a8, findElement {using=xpath, value=.//button[text() = 'Выход']}]
Capabilities {acceptInsecureCerts: false, browserName: chrome, browserVersion: 119.0.6045.105, chrome: {chromedriverVersion: 119.0.6045.105 (38c72552c5e..., userDataDir: /var/folders/kd/5mgffgrd3cj...}, fedcm:accounts: true, goog:chromeOptions: {debuggerAddress: localhost:51030}, networkConnectionEnabled: false, pageLoadStrategy: normal, platformName: mac, proxy: Proxy(), se:cdp: ws://localhost:51030/devtoo..., se:cdpVersion: 119.0.6045.105, setWindowRect: true, strictFileInteractability: false, timeouts: {implicit: 0, pageLoad: 300000, script: 30000}, unhandledPromptBehavior: dismiss and notify, webauthn:extension:credBlob: true, webauthn:extension:largeBlob: true, webauthn:extension:minPinLength: true, webauthn:extension:prf: true, webauthn:virtualAuthenticators: true}
Session ID: 20cb2817b5ddb064298665b15fe410a8
at java.base/jdk.internal.reflect.NativeConstructorAccessorImpl.newInstance0(Native Method)
at java.base/jdk.internal.reflect.NativeConstructorAccessorImpl.newInstance(NativeConstructorAccessorImpl.java:62)
at java.base/jdk.internal.reflect.DelegatingConstructorAccessorImpl.newInstance(DelegatingConstructorAccessorImpl.java:45)
at java.base/java.lang.reflect.Constructor.newInstance(Constructor.java:490)
at org.openqa.selenium.remote.codec.w3c.W3CHttpResponseCodec.createException(W3CHttpResponseCodec.java:200)
at org.openqa.selenium.remote.codec.w3c.W3CHttpResponseCodec.decode(W3CHttpResponseCodec.java:133)
at org.openqa.selenium.remote.codec.w3c.W3CHttpResponseCodec.decode(W3CHttpResponseCodec.java:52)
at org.openqa.selenium.remote.HttpCommandExecutor.execute(HttpCommandExecutor.java:191)
at org.openqa.selenium.remote.service.DriverCommandExecutor.invokeExecute(DriverCommandExecutor.java:196)
at org.openqa.selenium.remote.service.DriverCommandExecutor.execute(DriverCommandExecutor.java:171)
at org.openqa.selenium.remote.RemoteWebDriver.execute(RemoteWebDriver.java:518)
at org.openqa.selenium.remote.ElementLocation$ElementFinder$2.findElement(ElementLocation.java:165)
at org.openqa.selenium.remote.ElementLocation.findElement(ElementLocation.java:59)
at org.openqa.selenium.remote.RemoteWebDriver.findElement(RemoteWebDriver.java:355)
at org.openqa.selenium.remote.RemoteWebDriver.findElement(RemoteWebDriver.java:349)
at page.object.PersonalAccountPage.clickOnExitButton(PersonalAccountPage.java:20)
at PersonalAccountTest.exitAccountByProfileURLTest(PersonalAccountTest.java:40)
at java.base/jdk.internal.reflect.NativeMethodAccessorImpl.invoke0(Native Method)
at java.base/jdk.internal.reflect.NativeMethodAccessorImpl.invoke(NativeMethodAccessorImpl.java:62)
at java.base/jdk.internal.reflect.DelegatingMethodAccessorImpl.invoke(DelegatingMethodAccessorImpl.java:43)
at java.base/java.lang.reflect.Method.invoke(Method.java:566)
at org.junit.runners.model.FrameworkMethod$1.runReflectiveCall(FrameworkMethod.java:59)
at org.junit.internal.runners.model.ReflectiveCallable.run(ReflectiveCallable.java:12)
at org.junit.runners.model.FrameworkMethod.invokeExplosively(FrameworkMethod.java:56)
at org.junit.internal.runners.statements.InvokeMethod.evaluate(InvokeMethod.java:17)
at org.junit.rules.ExternalResource$1.evaluate(ExternalResource.java:54)
at org.junit.runners.ParentRunner$3.evaluate(ParentRunner.java:306)
at org.junit.runners.BlockJUnit4ClassRunner$1.evaluate(BlockJUnit4ClassRunner.java:100)
at org.junit.runners.ParentRunner.runLeaf(ParentRunner.java:366)
at org.junit.runners.BlockJUnit4ClassRunner.runChild(BlockJUnit4ClassRunner.java:103)
at org.junit.runners.BlockJUnit4ClassRunner.runChild(BlockJUnit4ClassRunner.java:63)
at org.junit.runners.ParentRunner$4.run(ParentRunner.java:331)
at org.junit.runners.ParentRunner$1.schedule(ParentRunner.java:79)
at org.junit.runners.ParentRunner.runChildren(ParentRunner.java:329)
at org.junit.runners.ParentRunner.access$100(ParentRunner.java:66)
at org.junit.runners.ParentRunner$2.evaluate(ParentRunner.java:293)
at org.junit.runners.ParentRunner$3.evaluate(ParentRunner.java:306)
at org.junit.runners.ParentRunner.run(ParentRunner.java:413)
at org.junit.runner.JUnitCore.run(JUnitCore.java:137)
at org.junit.runner.JUnitCore.run(JUnitCore.java:115)
at org.testng.junit.JUnit4TestRunner.start(JUnit4TestRunner.java:78)
at org.testng.junit.JUnit4TestRunner.run(JUnit4TestRunner.java:63)
at org.testng.TestRunner$1.run(TestRunner.java:710)
at java.base/java.util.ArrayList.forEach(ArrayList.java:1541)
at org.testng.TestRunner.runJUnitWorkers(TestRunner.java:927)
at org.testng.TestRunner.privateRunJUnit(TestRunner.java:739)
at org.testng.TestRunner.run(TestRunner.java:619)
at org.testng.SuiteRunner.runTest(SuiteRunner.java:443)
at org.testng.SuiteRunner.runSequentially(SuiteRunner.java:437)
at org.testng.SuiteRunner.privateRun(SuiteRunner.java:397)
at org.testng.SuiteRunner.run(SuiteRunner.java:336)
at org.testng.SuiteRunnerWorker.runSuite(SuiteRunnerWorker.java:52)
at org.testng.SuiteRunnerWorker.run(SuiteRunnerWorker.java:95)
at org.testng.TestNG.runSuitesSequentially(TestNG.java:1280)
at org.testng.TestNG.runSuitesLocally(TestNG.java:1200)
at org.testng.TestNG.runSuites(TestNG.java:1114)
at org.testng.TestNG.run(TestNG.java:1082)
at org.apache.maven.surefire.testng.TestNGExecutor.run(TestNGExecutor.java:135)
at org.apache.maven.surefire.testng.TestNGDirectoryTestSuite.executeMulti(TestNGDirectoryTestSuite.java:198)
at org.apache.maven.surefire.testng.TestNGDirectoryTestSuite.execute(TestNGDirectoryTestSuite.java:94)
at org.apache.maven.surefire.testng.TestNGProvider.invoke(TestNGProvider.java:146)
at org.apache.maven.surefire.booter.ForkedBooter.invokeProviderInSameClassLoader(ForkedBooter.java:384)
at org.apache.maven.surefire.booter.ForkedBooter.runSuitesInProcess(ForkedBooter.java:345)
at org.apache.maven.surefire.booter.ForkedBooter.execute(ForkedBooter.java:126)
at org.apache.maven.surefire.booter.ForkedBooter.main(ForkedBooter.java:418)
]]>
            </full-stacktrace>
          </exception> <!-- org.openqa.selenium.NoSuchElementException -->
          <reporter-output>
          </reporter-output>
        </test-method> <!-- exitAccountByProfileURLTest -->
      </class> <!-- PersonalAccountTest -->
      <class name="ConstructorWithAuthTest">
        <test-method signature="goToMainPageByLogoButtonTest()" started-at="2023-11-06T21:20:06 EET" name="goToMainPageByLogoButtonTest" finished-at="2023-11-06T21:20:21 EET" duration-ms="14923" status="PASS">
          <reporter-output>
          </reporter-output>
        </test-method> <!-- goToMainPageByLogoButtonTest -->
        <test-method signature="goToMainPageByConstructorButtonTest()" started-at="2023-11-06T21:20:06 EET" name="goToMainPageByConstructorButtonTest" finished-at="2023-11-06T21:20:37 EET" duration-ms="31346" status="PASS">
          <reporter-output>
          </reporter-output>
        </test-method> <!-- goToMainPageByConstructorButtonTest -->
      </class> <!-- ConstructorWithAuthTest -->
      <class name="LoginTest">
        <test-method signature="loginFromPersonalAccountPageTest()" started-at="2023-11-06T21:20:37 EET" name="loginFromPersonalAccountPageTest" finished-at="2023-11-06T21:21:05 EET" duration-ms="27502" status="PASS">
          <reporter-output>
          </reporter-output>
        </test-method> <!-- loginFromPersonalAccountPageTest -->
        <test-method signature="loginFromRegistrationPageTest()" started-at="2023-11-06T21:20:37 EET" name="loginFromRegistrationPageTest" finished-at="2023-11-06T21:21:33 EET" duration-ms="55524" status="PASS">
          <reporter-output>
          </reporter-output>
        </test-method> <!-- loginFromRegistrationPageTest -->
        <test-method signature="loginFromPasswordRecoveryPageTest()" started-at="2023-11-06T21:20:37 EET" name="loginFromPasswordRecoveryPageTest" finished-at="2023-11-06T21:20:52 EET" duration-ms="14491" status="PASS">
          <reporter-output>
          </reporter-output>
        </test-method> <!-- loginFromPasswordRecoveryPageTest -->
        <test-method signature="loginFromMainPageTest()" started-at="2023-11-06T21:20:37 EET" name="loginFromMainPageTest" finished-at="2023-11-06T21:21:20 EET" duration-ms="42572" status="PASS">
          <reporter-output>
          </reporter-output>
        </test-method> <!-- loginFromMainPageTest -->
      </class> <!-- LoginTest -->
      <class name="ConstructorWithoutAuthTest">
        <test-method signature="goToBreadSectionTest()" started-at="2023-11-06T21:19:08 EET" name="goToBreadSectionTest" finished-at="2023-11-06T21:19:20 EET" duration-ms="11310" status="PASS">
          <reporter-output>
          </reporter-output>
        </test-method> <!-- goToBreadSectionTest -->
        <test-method signature="goToSauceSectionTest()" started-at="2023-11-06T21:19:08 EET" name="goToSauceSectionTest" finished-at="2023-11-06T21:19:28 EET" duration-ms="19608" status="PASS">
          <reporter-output>
          </reporter-output>
        </test-method> <!-- goToSauceSectionTest -->
        <test-method signature="goToFillingSectionTest()" started-at="2023-11-06T21:19:08 EET" name="goToFillingSectionTest" finished-at="2023-11-06T21:19:38 EET" duration-ms="29351" status="PASS">
          <reporter-output>
          </reporter-output>
        </test-method> <!-- goToFillingSectionTest -->
      </class> <!-- ConstructorWithoutAuthTest -->
    </test> <!-- Surefire test -->
  </suite> <!-- Surefire suite -->
</testng-results>
